<?xml version="1.0" encoding="UTF-8"?>
<testsuite name="ca.uvic.seng330.assn3.ThermoTest" tests="4" skipped="0" failures="0" errors="0" timestamp="2019-01-07T04:14:51" hostname="Andrews-Air.hitronhub.home" time="1.259">
  <properties/>
  <testcase name="containsCurrentStatus" classname="ca.uvic.seng330.assn3.ThermoTest" time="0.33"/>
  <testcase name="temperatureConversionTest1" classname="ca.uvic.seng330.assn3.ThermoTest" time="0.32"/>
  <testcase name="temperatureConversionTest2" classname="ca.uvic.seng330.assn3.ThermoTest" time="0.311"/>
  <testcase name="containsBackButton" classname="ca.uvic.seng330.assn3.ThermoTest" time="0.296"/>
  <system-out><![CDATA[]]></system-out>
  <system-err><![CDATA[]]></system-err>
</testsuite>
