<?xml version="1.0" encoding="UTF-8"?>
<testsuite name="ca.uvic.seng330.assn3.CameraTest" tests="5" skipped="0" failures="0" errors="0" timestamp="2019-01-07T04:14:52" hostname="Andrews-Air.hitronhub.home" time="2.469">
  <properties/>
  <testcase name="streamCameraTest1" classname="ca.uvic.seng330.assn3.CameraTest" time="0.297"/>
  <testcase name="streamCameraTest2" classname="ca.uvic.seng330.assn3.CameraTest" time="0.308"/>
  <testcase name="containsStartRecordButton" classname="ca.uvic.seng330.assn3.CameraTest" time="0.317"/>
  <testcase name="startStopButtonsWork" classname="ca.uvic.seng330.assn3.CameraTest" time="1.236"/>
  <testcase name="containsStreamingButton" classname="ca.uvic.seng330.assn3.CameraTest" time="0.309"/>
  <system-out><![CDATA[]]></system-out>
  <system-err><![CDATA[]]></system-err>
</testsuite>
