<?xml version="1.0" encoding="UTF-8"?>
<testsuite name="ca.uvic.seng330.assn1.TeamTest" tests="6" skipped="0" failures="0" errors="0" timestamp="2018-09-25T18:07:53" hostname="w134-87-158-070.wireless.uvic.ca" time="0.009">
  <properties/>
  <testcase name="testLeagueSorts" classname="ca.uvic.seng330.assn1.TeamTest" time="0.001"/>
  <testcase name="testPlayerExists" classname="ca.uvic.seng330.assn1.TeamTest" time="0.001"/>
  <testcase name="testPlayerPoints" classname="ca.uvic.seng330.assn1.TeamTest" time="0.0"/>
  <testcase name="testLeagueExists" classname="ca.uvic.seng330.assn1.TeamTest" time="0.0"/>
  <testcase name="testPlayerName" classname="ca.uvic.seng330.assn1.TeamTest" time="0.001"/>
  <testcase name="testLeagueHoldsTeams" classname="ca.uvic.seng330.assn1.TeamTest" time="0.005"/>
  <system-out><![CDATA[Canucks have 0 points]]></system-out>
  <system-err><![CDATA[]]></system-err>
</testsuite>
